2018-04-11T08:44:58.766Z - info: User function triggered, starting execution
2018-04-11T08:44:58.774Z - info: Request body: {"{\n  \"id\": \"81852f94-fa57-409e-8051-b4615e1bb235\",\n  \"timestamp\": \"2018-04-11T08:33:13.348Z\",\n  \"lang\": \"en\",\n  \"result\": {\n    \"source\": \"agent\",\n    \"resolvedQuery\": \"i want some dinner\",\n    \"action\": \"orderFoodIntent\",\n    \"actionIncomplete\": false,\n    \"parameters\": {\n      \"foodItems\": \"dinner\"\n    },\n    \"contexts\": ":{"\n      {\n        \"name\": \"_actions_on_google_\",\n        \"parameters\": {\n          \"foodItems.original\": \"dinner\",\n          \"foodItems\": \"dinner\"\n        },\n        \"lifespan\": 100\n      }\n    ":{"\n        {\n          \"type\": 0,\n          \"speech\": \"<speak><p><s>Sure. It's on the way</s></p></speak>\"\n        }\n      ":{"\n            {\n              \"text_to_speech\": \"<p><s>Sure. It's on the way</s></p>\"\n            }\n          ":{"\n              {\n                \"simple_response\": {\n                  \"ssml\": \"<speak><p><s>Sure. It's on the way</s></p></speak>\",\n                  \"display_text\": \"Sure. It's on the way\"\n                }\n              }\n            ":[""]}}}}}
2018-04-11T08:44:58.782Z - info: Execution took 15 ms, user function completed successfully
2018-04-11T08:44:58.793Z - error: (node:6688) UnhandledPromiseRejectionWarning: Error: no matching intent handler for: null
    at DialogflowApp.invokeIntentHandler_ (D:\git\silver-castle\functions\node_modules\actions-on-google\assistant-app.js:2463:27)
    at DialogflowApp.handleRequestAsync (D:\git\silver-castle\functions\node_modules\actions-on-google\assistant-app.js:530:19)
    at DialogflowApp.handleRequest (D:\git\silver-castle\functions\node_modules\actions-on-google\assistant-app.js:419:10)
    at exports.dialogflowFirebaseFulfillment.functions.https.onRequest (D:\git\silver-castle\functions\index.js:10:7)
    at cloudFunction (D:\git\silver-castle\functions\node_modules\firebase-functions\lib\providers\https.js:26:41)
    at app.use (C:\Users\Ishan\AppData\Roaming\npm\node_modules\firebase-tools\node_modules\@google-cloud\functions-emulator\src\supervisor\worker.js:142:11)
    at Layer.handle [as handle_request] (C:\Users\Ishan\AppData\Roaming\npm\node_modules\firebase-tools\node_modules\express\lib\router\layer.js:95:5)
    at trim_prefix (C:\Users\Ishan\AppData\Roaming\npm\node_modules\firebase-tools\node_modules\express\lib\router\index.js:317:13)
    at C:\Users\Ishan\AppData\Roaming\npm\node_modules\firebase-tools\node_modules\express\lib\router\index.js:284:7
    at Function.process_params (C:\Users\Ishan\AppData\Roaming\npm\node_modules\firebase-tools\node_modules\express\lib\router\index.js:335:12)
2018-04-11T08:44:58.795Z - error: (node:6688) UnhandledPromiseRejectionWarning: Unhandled promise rejection. This error originated either by throwing inside of an async function without a catch block, or by rejecting a promise which was not handled with .catch(). (rejection id: 3)
(node:6688) [DEP0018] DeprecationWarning: Unhandled promise rejections are deprecated. In the future, promise rejections that are not handled will terminate the Node.js process with a non-zero exit code.
2018-04-11T08:44:58.799Z - info: Worker for dialogflowFirebaseFulfillment closed due to file changes.
2018-04-11T08:46:48.070Z - info: User function triggered, starting execution
2018-04-11T08:46:48.073Z - info: Request body: {"{\r\n  \"user\": {\r\n    \"userId\": \"ABwppHHXwn4LapiMPIJgZ6eHb_BQM3LbV_EU76GQgOG9TPn3UBh1d_7IDWGXfJvWe83tBT7-G4sb7d1gzTtkA_4\",\r\n    \"locale\": \"en-US\",\r\n    \"lastSeen\": \"2018-04-11T03:27:17Z\",\r\n    \"userStorage\": \"{\\\"data\\\":{}}\"\r\n  },\r\n  \"conversation\": {\r\n    \"conversationId\": \"1523436359560\",\r\n    \"type\": \"ACTIVE\",\r\n    \"conversationToken\": \"":{"\\\"_actions_on_google_\\\"":{"\r\n        {\r\n          \"inputType\": \"KEYBOARD\",\r\n          \"query\": \"i want some dinner\"\r\n        }\r\n      ":{"\r\n        {\r\n          \"name\": \"text\",\r\n          \"rawText\": \"i want some dinner\",\r\n          \"textValue\": \"i want some dinner\"\r\n        }\r\n      ":{"\r\n      {\r\n        \"name\": \"actions.capability.SCREEN_OUTPUT\"\r\n      },\r\n      {\r\n        \"name\": \"actions.capability.MEDIA_RESPONSE_AUDIO\"\r\n      },\r\n      {\r\n        \"name\": \"actions.capability.WEB_BROWSER\"\r\n      },\r\n      {\r\n        \"name\": \"actions.capability.AUDIO_OUTPUT\"\r\n      }\r\n    ":{"\r\n        {\r\n          \"name\": \"actions.capability.SCREEN_OUTPUT\"\r\n        },\r\n        {\r\n          \"name\": \"actions.capability.AUDIO_OUTPUT\"\r\n        }\r\n      ":""}}}}}}
2018-04-11T08:46:48.084Z - info: Execution took 15 ms, user function completed successfully
2018-04-11T08:46:48.096Z - error: (node:9388) UnhandledPromiseRejectionWarning: Error: no matching intent handler for: null
    at DialogflowApp.invokeIntentHandler_ (D:\git\silver-castle\functions\node_modules\actions-on-google\assistant-app.js:2463:27)
    at DialogflowApp.handleRequestAsync (D:\git\silver-castle\functions\node_modules\actions-on-google\assistant-app.js:530:19)
    at DialogflowApp.handleRequest (D:\git\silver-castle\functions\node_modules\actions-on-google\assistant-app.js:419:10)
    at exports.dialogflowFirebaseFulfillment.functions.https.onRequest (D:\git\silver-castle\functions\index.js:10:7)
    at cloudFunction (D:\git\silver-castle\functions\node_modules\firebase-functions\lib\providers\https.js:26:41)
    at app.use (C:\Users\Ishan\AppData\Roaming\npm\node_modules\firebase-tools\node_modules\@google-cloud\functions-emulator\src\supervisor\worker.js:142:11)
    at Layer.handle [as handle_request] (C:\Users\Ishan\AppData\Roaming\npm\node_modules\firebase-tools\node_modules\express\lib\router\layer.js:95:5)
    at trim_prefix (C:\Users\Ishan\AppData\Roaming\npm\node_modules\firebase-tools\node_modules\express\lib\router\index.js:317:13)
    at C:\Users\Ishan\AppData\Roaming\npm\node_modules\firebase-tools\node_modules\express\lib\router\index.js:284:7
    at Function.process_params (C:\Users\Ishan\AppData\Roaming\npm\node_modules\firebase-tools\node_modules\express\lib\router\index.js:335:12)
2018-04-11T08:46:48.097Z - error: (node:9388) UnhandledPromiseRejectionWarning: Unhandled promise rejection. This error originated either by throwing inside of an async function without a catch block, or by rejecting a promise which was not handled with .catch(). (rejection id: 3)
(node:9388) [DEP0018] DeprecationWarning: Unhandled promise rejections are deprecated. In the future, promise rejections that are not handled will terminate the Node.js process with a non-zero exit code.
